Oct 20 18:26:43 Updated: centos-release-7-5.1804.5.el7.centos.x86_64
Oct 20 18:27:23 Installed: mpfr-3.1.1-4.el7.x86_64
Oct 20 18:27:23 Installed: libmpc-1.0.1-3.el7.x86_64
Oct 20 18:27:24 Installed: cpp-4.8.5-28.el7_5.1.x86_64
Oct 20 18:27:25 Installed: kernel-headers-3.10.0-862.14.4.el7.x86_64
Oct 20 18:27:26 Installed: glibc-headers-2.17-222.el7.x86_64
Oct 20 18:27:26 Installed: glibc-devel-2.17-222.el7.x86_64
Oct 20 18:27:28 Installed: gcc-4.8.5-28.el7_5.1.x86_64
Oct 20 18:27:44 Installed: ltrace-0.7.91-14.el7.x86_64
Oct 20 18:27:44 Installed: strace-4.12-6.el7.x86_64
Oct 20 18:28:55 Installed: 1:perl-parent-0.225-244.el7.noarch
Oct 20 18:28:55 Installed: perl-HTTP-Tiny-0.033-3.el7.noarch
Oct 20 18:28:55 Installed: perl-podlators-2.5.1-3.el7.noarch
Oct 20 18:28:56 Installed: perl-Pod-Perldoc-3.20-4.el7.noarch
Oct 20 18:28:56 Installed: 1:perl-Pod-Escapes-1.04-292.el7.noarch
Oct 20 18:28:56 Installed: perl-Text-ParseWords-3.29-4.el7.noarch
Oct 20 18:28:56 Installed: perl-Encode-2.51-7.el7.x86_64
Oct 20 18:28:56 Installed: perl-Pod-Usage-1.63-3.el7.noarch
Oct 20 18:28:56 Installed: 4:perl-macros-5.16.3-292.el7.x86_64
Oct 20 18:28:56 Installed: 4:perl-libs-5.16.3-292.el7.x86_64
Oct 20 18:28:56 Installed: perl-Storable-2.45-3.el7.x86_64
Oct 20 18:28:57 Installed: perl-Exporter-5.68-3.el7.noarch
Oct 20 18:28:57 Installed: perl-constant-1.27-2.el7.noarch
Oct 20 18:28:57 Installed: perl-Time-Local-1.2300-2.el7.noarch
Oct 20 18:28:57 Installed: perl-Socket-2.010-4.el7.x86_64
Oct 20 18:28:57 Installed: perl-Carp-1.26-244.el7.noarch
Oct 20 18:28:57 Installed: 4:perl-Time-HiRes-1.9725-3.el7.x86_64
Oct 20 18:28:57 Installed: perl-PathTools-3.40-5.el7.x86_64
Oct 20 18:28:57 Installed: perl-Scalar-List-Utils-1.27-248.el7.x86_64
Oct 20 18:28:57 Installed: perl-File-Temp-0.23.01-3.el7.noarch
Oct 20 18:28:57 Installed: perl-File-Path-2.09-2.el7.noarch
Oct 20 18:28:57 Installed: perl-threads-shared-1.43-6.el7.x86_64
Oct 20 18:28:57 Installed: perl-threads-1.87-4.el7.x86_64
Oct 20 18:28:57 Installed: perl-Filter-1.49-3.el7.x86_64
Oct 20 18:28:57 Installed: 1:perl-Pod-Simple-3.28-4.el7.noarch
Oct 20 18:28:57 Installed: perl-Getopt-Long-2.40-3.el7.noarch
Oct 20 18:29:01 Installed: 4:perl-5.16.3-292.el7.x86_64
Oct 20 18:29:01 Installed: 2:vim-filesystem-7.4.160-4.el7.x86_64
Oct 20 18:29:04 Installed: 2:vim-common-7.4.160-4.el7.x86_64
Oct 20 18:29:04 Installed: gpm-libs-1.20.7-5.el7.x86_64
Oct 20 18:29:04 Installed: 2:vim-enhanced-7.4.160-4.el7.x86_64
Oct 20 19:19:57 Installed: wget-1.14-15.el7_4.1.x86_64
Oct 20 19:23:59 Installed: apr-1.4.8-3.el7_4.1.x86_64
Oct 20 19:23:59 Installed: libquadmath-4.8.5-28.el7_5.1.x86_64
Oct 20 19:23:59 Installed: m4-1.4.16-10.el7.x86_64
Oct 20 19:23:59 Installed: apr-util-1.5.2-6.el7.x86_64
Oct 20 19:23:59 Installed: unzip-6.0-19.el7.x86_64
Oct 20 19:23:59 Installed: zip-3.0-11.el7.x86_64
Oct 20 19:23:59 Installed: patch-2.7.1-10.el7_5.x86_64
Oct 20 19:23:59 Installed: boost-system-1.53.0-27.el7.x86_64
Oct 20 19:23:59 Installed: 1:perl-Error-0.17020-2.el7.noarch
Oct 20 19:23:59 Installed: perl-Thread-Queue-3.02-2.el7.noarch
Oct 20 19:23:59 Installed: boost-thread-1.53.0-27.el7.x86_64
Oct 20 19:24:00 Installed: libquadmath-devel-4.8.5-28.el7_5.1.x86_64
Oct 20 19:24:00 Installed: libgfortran-4.8.5-28.el7_5.1.x86_64
Oct 20 19:24:00 Installed: perl-srpm-macros-1-8.el7.noarch
Oct 20 19:24:00 Installed: pakchois-0.4-10.el7.x86_64
Oct 20 19:24:00 Installed: dwz-0.11-3.el7.x86_64
Oct 20 19:24:00 Installed: redhat-rpm-config-9.1.0-80.el7.centos.noarch
Oct 20 19:24:00 Installed: boost-date-time-1.53.0-27.el7.x86_64
Oct 20 19:24:00 Installed: gettext-common-devel-0.19.8.1-2.el7.noarch
Oct 20 19:24:00 Installed: perl-TermReadKey-2.30-20.el7.x86_64
Oct 20 19:24:00 Installed: 1:emacs-filesystem-24.3-20.el7_4.noarch
Oct 20 19:24:34 Installed: kernel-debug-devel-3.10.0-862.14.4.el7.x86_64
Oct 20 19:24:35 Installed: systemtap-devel-3.2-8.el7_5.x86_64
Oct 20 19:24:35 Installed: perl-Data-Dumper-2.145-3.el7.x86_64
Oct 20 19:24:36 Installed: autoconf-2.69-11.el7.noarch
Oct 20 19:24:36 Installed: libmodman-2.0.1-8.el7.x86_64
Oct 20 19:24:36 Installed: libproxy-0.4.11-11.el7.x86_64
Oct 20 19:24:36 Installed: gdb-7.6.1-110.el7.x86_64
Oct 20 19:24:37 Installed: elfutils-0.170-4.el7.x86_64
Oct 20 19:24:37 Installed: perl-Test-Harness-3.28-3.el7.noarch
Oct 20 19:24:37 Installed: automake-1.13.4-3.el7.noarch
Oct 20 19:24:38 Installed: libstdc++-devel-4.8.5-28.el7_5.1.x86_64
Oct 20 19:24:39 Installed: nettle-2.7.1-8.el7.x86_64
Oct 20 19:24:39 Installed: efivar-libs-31-4.el7.x86_64
Oct 20 19:24:39 Installed: mokutil-12-2.el7.x86_64
Oct 20 19:24:39 Installed: libdwarf-20130207-4.el7.x86_64
Oct 20 19:24:40 Installed: dyninst-9.3.1-1.el7.x86_64
Oct 20 19:24:40 Installed: systemtap-runtime-3.2-8.el7_5.x86_64
Oct 20 19:24:42 Installed: systemtap-client-3.2-8.el7_5.x86_64
Oct 20 19:24:42 Installed: perl-XML-Parser-2.41-10.el7.x86_64
Oct 20 19:24:42 Installed: libgnome-keyring-3.12.0-1.el7.x86_64
Oct 20 19:24:42 Installed: perl-Git-1.8.3.1-14.el7_5.noarch
Oct 20 19:24:45 Installed: git-1.8.3.1-14.el7_5.x86_64
Oct 20 19:24:45 Installed: gettext-devel-0.19.8.1-2.el7.x86_64
Oct 20 19:24:46 Installed: trousers-0.3.14-2.el7.x86_64
Oct 20 19:24:46 Installed: gnutls-3.3.26-9.el7.x86_64
Oct 20 19:24:46 Installed: neon-0.30.0-3.el7.x86_64
Oct 20 19:24:46 Installed: subversion-libs-1.7.14-14.el7.x86_64
Oct 20 19:24:47 Installed: subversion-1.7.14-14.el7.x86_64
Oct 20 19:24:47 Installed: intltool-0.50.2-7.el7.noarch
Oct 20 19:24:47 Installed: systemtap-3.2-8.el7_5.x86_64
Oct 20 19:24:48 Installed: gcc-c++-4.8.5-28.el7_5.1.x86_64
Oct 20 19:24:49 Installed: libtool-2.4.2-22.el7_3.x86_64
Oct 20 19:24:49 Installed: rpm-build-4.11.3-32.el7.x86_64
Oct 20 19:24:49 Installed: cscope-15.8-10.el7.x86_64
Oct 20 19:24:50 Installed: gcc-gfortran-4.8.5-28.el7_5.1.x86_64
Oct 20 19:24:50 Installed: bison-3.0.4-1.el7.x86_64
Oct 20 19:24:50 Installed: flex-2.5.37-3.el7.x86_64
Oct 20 19:24:51 Installed: diffstat-1.57-4.el7.x86_64
Oct 20 19:24:51 Installed: rpm-sign-4.11.3-32.el7.x86_64
Oct 20 19:24:51 Installed: patchutils-0.3.3-4.el7.x86_64
Oct 20 19:24:51 Installed: indent-2.2.11-13.el7.x86_64
Oct 20 19:24:52 Installed: swig-2.0.10-5.el7.x86_64
Oct 20 19:24:52 Installed: rcs-5.9.0-5.el7.x86_64
Oct 20 19:24:55 Installed: 1:doxygen-1.8.5-3.el7.x86_64
Oct 20 19:24:55 Installed: byacc-1.9.20130304-3.el7.x86_64
Oct 20 19:24:55 Installed: ctags-5.8-13.el7.x86_64
Oct 20 19:25:11 Installed: ncurses-devel-5.9-14.20130511.el7_4.x86_64
Oct 20 19:25:22 Installed: zlib-devel-1.2.7-17.el7.x86_64
Oct 20 19:25:22 Installed: elfutils-libelf-devel-0.170-4.el7.x86_64
Oct 20 19:25:22 Installed: binutils-devel-2.27-28.base.el7_5.1.x86_64
Oct 20 19:25:22 Installed: hmaccalc-0.9.13-4.el7.x86_64
Oct 20 20:00:16 Installed: 2:libpng-1.5.13-7.el7_2.x86_64
Oct 20 20:00:16 Installed: libjpeg-turbo-1.2.90-5.el7.x86_64
Oct 20 20:00:16 Installed: libICE-1.0.9-9.el7.x86_64
Oct 20 20:00:16 Installed: libSM-1.2.2-2.el7.x86_64
Oct 20 20:00:16 Installed: libfontenc-1.1.3-3.el7.x86_64
Oct 20 20:00:16 Installed: pixman-0.34.0-1.el7.x86_64
Oct 20 20:00:16 Installed: atk-2.22.0-3.el7.x86_64
Oct 20 20:00:16 Installed: libXau-1.0.8-2.1.el7.x86_64
Oct 20 20:00:16 Installed: libxcb-1.12-1.el7.x86_64
Oct 20 20:00:16 Installed: xml-common-0.6.3-39.el7.noarch
Oct 20 20:00:16 Installed: fontpackages-filesystem-1.44-8.el7.noarch
Oct 20 20:00:17 Installed: stix-fonts-1.1.0-5.el7.noarch
Oct 20 20:00:18 Installed: fontconfig-2.10.95-11.el7.x86_64
Oct 20 20:00:18 Installed: libXfont-1.5.2-1.el7.x86_64
Oct 20 20:00:18 Installed: 1:xorg-x11-font-utils-7.5-20.el7.x86_64
Oct 20 20:00:20 Installed: urw-fonts-2.4-16.el7.noarch
Oct 20 20:00:21 Installed: ghostscript-fonts-5.50-32.el7.noarch
Oct 20 20:00:21 Installed: libXfont2-2.0.1-2.el7.x86_64
Oct 20 20:00:21 Installed: jasper-libs-1.900.1-31.el7.x86_64
Oct 20 20:00:21 Installed: libwayland-server-1.14.0-2.el7.x86_64
Oct 20 20:00:21 Installed: libXdmcp-1.1.2-6.el7.x86_64
Oct 20 20:00:21 Installed: graphite2-1.3.10-1.el7_3.x86_64
Oct 20 20:00:21 Installed: harfbuzz-1.3.2-1.el7.x86_64
Oct 20 20:00:21 Installed: libxshmfence-1.2-1.el7.x86_64
Oct 20 20:00:22 Installed: libX11-common-1.6.5-1.el7.noarch
Oct 20 20:00:22 Installed: libX11-1.6.5-1.el7.x86_64
Oct 20 20:00:22 Installed: libXext-1.3.3-3.el7.x86_64
Oct 20 20:00:22 Installed: libXrender-0.9.10-1.el7.x86_64
Oct 20 20:00:22 Installed: libXt-1.1.5-3.el7.x86_64
Oct 20 20:00:22 Installed: libXpm-3.5.12-1.el7.x86_64
Oct 20 20:00:22 Installed: libXfixes-5.0.3-1.el7.x86_64
Oct 20 20:00:22 Installed: libXmu-1.1.2-2.el7.x86_64
Oct 20 20:00:22 Installed: libXaw-1.0.13-4.el7.x86_64
Oct 20 20:00:22 Installed: libXdamage-1.1.4-4.1.el7.x86_64
Oct 20 20:00:22 Installed: libXcursor-1.1.14-8.el7.x86_64
Oct 20 20:00:22 Installed: gd-2.0.35-26.el7.x86_64
Oct 20 20:00:22 Installed: libXft-2.3.2-2.el7.x86_64
Oct 20 20:00:22 Installed: libXrandr-1.5.1-2.el7.x86_64
Oct 20 20:00:22 Installed: libXi-1.7.9-1.el7.x86_64
Oct 20 20:00:23 Installed: libXinerama-1.1.3-2.1.el7.x86_64
Oct 20 20:00:23 Installed: libxkbfile-1.0.9-3.el7.x86_64
Oct 20 20:00:23 Installed: xorg-x11-xkb-utils-7.7-12.el7.x86_64
Oct 20 20:00:23 Installed: libXcomposite-0.4.4-4.1.el7.x86_64
Oct 20 20:00:23 Installed: jbigkit-libs-2.0-11.el7.x86_64
Oct 20 20:00:23 Installed: libtiff-4.0.3-27.el7_3.x86_64
Oct 20 20:00:23 Installed: gdk-pixbuf2-2.36.5-1.el7.x86_64
Oct 20 20:00:23 Installed: gtk-update-icon-cache-3.22.26-4.el7_5.x86_64
Oct 20 20:00:23 Installed: libepoxy-1.3.1-2.el7_5.x86_64
Oct 20 20:00:23 Installed: lcms2-2.6-3.el7.x86_64
Oct 20 20:00:24 Installed: poppler-data-0.4.6-3.el7.noarch
Oct 20 20:00:26 Installed: ghostscript-9.07-29.el7_5.2.x86_64
Oct 20 20:00:26 Installed: xkeyboard-config-2.20-1.el7.noarch
Oct 20 20:00:26 Installed: xorg-x11-server-common-1.19.5-5.el7.x86_64
Oct 20 20:00:26 Installed: libwayland-client-1.14.0-2.el7.x86_64
Oct 20 20:00:27 Installed: libthai-0.1.14-9.el7.x86_64
Oct 20 20:00:27 Installed: mesa-libglapi-17.2.3-8.20171019.el7.x86_64
Oct 20 20:00:27 Installed: mesa-libgbm-17.2.3-8.20171019.el7.x86_64
Oct 20 20:00:27 Installed: hicolor-icon-theme-0.12-7.el7.noarch
Oct 20 20:00:27 Installed: cairo-1.14.8-2.el7.x86_64
Oct 20 20:00:27 Installed: pango-1.40.4-1.el7.x86_64
Oct 20 20:00:28 Installed: gtk2-2.24.31-1.el7.x86_64
Oct 20 20:00:28 Installed: xorg-x11-server-Xorg-1.19.5-5.el7.x86_64
Oct 20 20:01:12 Installed: kmod-nvidia-340xx-340.107-1.el7_5.elrepo.x86_64
Oct 20 20:02:09 Installed: nvidia-x11-drv-340xx-340.107-1.el7.elrepo.x86_64
Oct 20 20:02:10 Installed: librsvg2-2.40.16-1.el7.x86_64
Oct 20 20:02:10 Installed: graphviz-2.30.1-21.el7.x86_64
Oct 20 20:02:10 Installed: sgml-common-0.6.3-39.el7.noarch
Oct 20 20:02:11 Installed: docbook-dtds-1.0-60.el7.noarch
Oct 20 20:02:14 Installed: docbook-style-xsl-1.78.1-3.el7.noarch
Oct 20 20:02:14 Installed: boost-regex-1.53.0-27.el7.x86_64
Oct 20 20:02:15 Installed: source-highlight-3.1.6-6.el7.x86_64
Oct 20 20:02:15 Installed: asciidoc-8.6.8-5.el7.noarch
Oct 20 20:02:15 Installed: bc-1.06.95-13.el7.x86_64
Oct 20 20:02:15 Installed: audit-libs-devel-2.8.1-3.el7_5.1.x86_64
Oct 20 21:44:22 Installed: keyutils-libs-devel-1.5.8-3.el7.x86_64
Oct 20 21:44:22 Installed: libcom_err-devel-1.42.9-12.el7_5.x86_64
Oct 20 21:44:23 Installed: libkadm5-1.15.1-19.el7.x86_64
Oct 20 21:44:23 Installed: libsepol-devel-2.5-8.1.el7.x86_64
Oct 20 21:44:23 Installed: pcre-devel-8.32-17.el7.x86_64
Oct 20 21:44:23 Installed: libselinux-devel-2.5-12.el7.x86_64
Oct 20 21:44:23 Installed: libverto-devel-0.2.5-4.el7.x86_64
Oct 20 21:44:23 Installed: krb5-devel-1.15.1-19.el7.x86_64
Oct 20 21:44:25 Installed: 1:openssl-devel-1.0.2k-12.el7.x86_64
